2025-04-09 19:52:14 [[31MERROR[39M] Error: listen EADDRINUSE: address already in use :::3001
    at Server.setupListenHandle [as _listen2] (node:net:1937:16)
    at listenInCluster (node:net:1994:12)
    at Server.listen (node:net:2099:7)
    at Function.listen (C:\Users\fabri\OneDrive\Documentos\projetos e trabalhos do vs code\monorepo-aerogest\node_modules\express\lib\application.js:635:24)
    at Object.<anonymous> (C:\Users\fabri\OneDrive\Documentos\projetos e trabalhos do vs code\monorepo-aerogest\apps\sistema-gerenciamento-voos\src\server.js:25:5)
    at Module._compile (node:internal/modules/cjs/loader:1554:14)
    at Object..js (node:internal/modules/cjs/loader:1706:10)
    at Module.load (node:internal/modules/cjs/loader:1289:32)
    at Function._load (node:internal/modules/cjs/loader:1108:12)
    at TracingChannel.traceSync (node:diagnostics_channel:322:14)
2025-04-09 19:52:44 [[31MERROR[39M] Error: listen EADDRINUSE: address already in use :::3001
    at Server.setupListenHandle [as _listen2] (node:net:1937:16)
    at listenInCluster (node:net:1994:12)
    at Server.listen (node:net:2099:7)
    at Function.listen (C:\Users\fabri\OneDrive\Documentos\projetos e trabalhos do vs code\monorepo-aerogest\node_modules\express\lib\application.js:635:24)
    at Object.<anonymous> (C:\Users\fabri\OneDrive\Documentos\projetos e trabalhos do vs code\monorepo-aerogest\apps\sistema-gerenciamento-voos\src\server.js:25:5)
    at Module._compile (node:internal/modules/cjs/loader:1554:14)
    at Object..js (node:internal/modules/cjs/loader:1706:10)
    at Module.load (node:internal/modules/cjs/loader:1289:32)
    at Function._load (node:internal/modules/cjs/loader:1108:12)
    at TracingChannel.traceSync (node:diagnostics_channel:322:14)
2025-04-09 19:53:32 [[31MERROR[39M] Error: listen EADDRINUSE: address already in use :::3001
    at Server.setupListenHandle [as _listen2] (node:net:1937:16)
    at listenInCluster (node:net:1994:12)
    at Server.listen (node:net:2099:7)
    at Function.listen (C:\Users\fabri\OneDrive\Documentos\projetos e trabalhos do vs code\monorepo-aerogest\node_modules\express\lib\application.js:635:24)
    at Object.<anonymous> (C:\Users\fabri\OneDrive\Documentos\projetos e trabalhos do vs code\monorepo-aerogest\apps\sistema-gerenciamento-voos\src\server.js:34:5)
    at Module._compile (node:internal/modules/cjs/loader:1554:14)
    at Object..js (node:internal/modules/cjs/loader:1706:10)
    at Module.load (node:internal/modules/cjs/loader:1289:32)
    at Function._load (node:internal/modules/cjs/loader:1108:12)
    at TracingChannel.traceSync (node:diagnostics_channel:322:14)
2025-04-09 19:53:32 [[31MERROR[39M] Error: listen EADDRINUSE: address already in use :::3001
    at Server.setupListenHandle [as _listen2] (node:net:1937:16)
    at listenInCluster (node:net:1994:12)
    at Server.listen (node:net:2099:7)
    at Function.listen (C:\Users\fabri\OneDrive\Documentos\projetos e trabalhos do vs code\monorepo-aerogest\node_modules\express\lib\application.js:635:24)
    at Object.<anonymous> (C:\Users\fabri\OneDrive\Documentos\projetos e trabalhos do vs code\monorepo-aerogest\apps\sistema-gerenciamento-voos\src\server.js:34:5)
    at Module._compile (node:internal/modules/cjs/loader:1554:14)
    at Object..js (node:internal/modules/cjs/loader:1706:10)
    at Module.load (node:internal/modules/cjs/loader:1289:32)
    at Function._load (node:internal/modules/cjs/loader:1108:12)
    at TracingChannel.traceSync (node:diagnostics_channel:322:14)
2025-04-09 19:54:43 [[31MERROR[39M] Error: listen EADDRINUSE: address already in use :::3001
    at Server.setupListenHandle [as _listen2] (node:net:1937:16)
    at listenInCluster (node:net:1994:12)
    at Server.listen (node:net:2099:7)
    at Function.listen (C:\Users\fabri\OneDrive\Documentos\projetos e trabalhos do vs code\monorepo-aerogest\node_modules\express\lib\application.js:635:24)
    at Object.<anonymous> (C:\Users\fabri\OneDrive\Documentos\projetos e trabalhos do vs code\monorepo-aerogest\apps\sistema-gerenciamento-voos\src\server.js:43:5)
    at Module._compile (node:internal/modules/cjs/loader:1554:14)
    at Object..js (node:internal/modules/cjs/loader:1706:10)
    at Module.load (node:internal/modules/cjs/loader:1289:32)
    at Function._load (node:internal/modules/cjs/loader:1108:12)
    at TracingChannel.traceSync (node:diagnostics_channel:322:14)
2025-04-09 19:54:43 [[31MERROR[39M] Error: listen EADDRINUSE: address already in use :::3001
    at Server.setupListenHandle [as _listen2] (node:net:1937:16)
    at listenInCluster (node:net:1994:12)
    at Server.listen (node:net:2099:7)
    at Function.listen (C:\Users\fabri\OneDrive\Documentos\projetos e trabalhos do vs code\monorepo-aerogest\node_modules\express\lib\application.js:635:24)
    at Object.<anonymous> (C:\Users\fabri\OneDrive\Documentos\projetos e trabalhos do vs code\monorepo-aerogest\apps\sistema-gerenciamento-voos\src\server.js:43:5)
    at Module._compile (node:internal/modules/cjs/loader:1554:14)
    at Object..js (node:internal/modules/cjs/loader:1706:10)
    at Module.load (node:internal/modules/cjs/loader:1289:32)
    at Function._load (node:internal/modules/cjs/loader:1108:12)
    at TracingChannel.traceSync (node:diagnostics_channel:322:14)
2025-04-09 19:56:26 [[31MERROR[39M] TypeError: server.on is not a function
    at Object.<anonymous> (C:\Users\fabri\OneDrive\Documentos\projetos e trabalhos do vs code\monorepo-aerogest\apps\sistema-gerenciamento-voos\src\server.js:86:8)
    at Module._compile (node:internal/modules/cjs/loader:1554:14)
    at Object..js (node:internal/modules/cjs/loader:1706:10)
    at Module.load (node:internal/modules/cjs/loader:1289:32)
    at Function._load (node:internal/modules/cjs/loader:1108:12)
    at TracingChannel.traceSync (node:diagnostics_channel:322:14)
    at wrapModuleLoad (node:internal/modules/cjs/loader:220:24)
    at Function.executeUserEntryPoint [as runMain] (node:internal/modules/run_main:170:5)
    at node:internal/main/run_main_module:36:49
2025-04-09 19:56:26 [[31MERROR[39M] TypeError: server.on is not a function
    at Object.<anonymous> (C:\Users\fabri\OneDrive\Documentos\projetos e trabalhos do vs code\monorepo-aerogest\apps\sistema-gerenciamento-voos\src\server.js:86:8)
    at Module._compile (node:internal/modules/cjs/loader:1554:14)
    at Object..js (node:internal/modules/cjs/loader:1706:10)
    at Module.load (node:internal/modules/cjs/loader:1289:32)
    at Function._load (node:internal/modules/cjs/loader:1108:12)
    at TracingChannel.traceSync (node:diagnostics_channel:322:14)
    at wrapModuleLoad (node:internal/modules/cjs/loader:220:24)
    at Function.executeUserEntryPoint [as runMain] (node:internal/modules/run_main:170:5)
    at node:internal/main/run_main_module:36:49
2025-04-09 19:56:26 [[31MERROR[39M] TypeError: server.on is not a function
    at Object.<anonymous> (C:\Users\fabri\OneDrive\Documentos\projetos e trabalhos do vs code\monorepo-aerogest\apps\sistema-gerenciamento-voos\src\server.js:86:8)
    at Module._compile (node:internal/modules/cjs/loader:1554:14)
    at Object..js (node:internal/modules/cjs/loader:1706:10)
    at Module.load (node:internal/modules/cjs/loader:1289:32)
    at Function._load (node:internal/modules/cjs/loader:1108:12)
    at TracingChannel.traceSync (node:diagnostics_channel:322:14)
    at wrapModuleLoad (node:internal/modules/cjs/loader:220:24)
    at Function.executeUserEntryPoint [as runMain] (node:internal/modules/run_main:170:5)
    at node:internal/main/run_main_module:36:49
